Using pre-set license

 COMMAND LINE ARGUMENTS:
/Applications/Unity/Hub/Editor/2020.2.5f1/Unity.app/Contents/MacOS/Unity
-adb2
-batchMode
-noUpm
-name
AssetImportWorker0
-projectPath
/Users/dakotafabro/Desktop/C# - Game Dev - Udemy Course/Hup Hup (Project Boost)
-logFile
Logs/AssetImportWorker0.log
-srvPort
51833
Successfully changed project path to: /Users/dakotafabro/Desktop/C# - Game Dev - Udemy Course/Hup Hup (Project Boost)
/Users/dakotafabro/Desktop/C# - Game Dev - Udemy Course/Hup Hup (Project Boost)
Using Asset Import Pipeline V2.
Refreshing native plugins compatible for Editor in 30.48 ms, found 1 plugins.
Preloading 0 native plugins for Editor in 0.00 ms.
Initialize engine version: 2020.2.5f1 (e2c53f129de5)
[Subsystems] Discovering subsystems at path /Applications/Unity/Hub/Editor/2020.2.5f1/Unity.app/Contents/Resources/UnitySubsystems
[Subsystems] Discovering subsystems at path /Users/dakotafabro/Desktop/C# - Game Dev - Udemy Course/Hup Hup (Project Boost)/Assets
GfxDevice: creating device client; threaded=0
2021-04-06 09:26:52.900 Unity[45779:9307132] Color LCD preferred device: Intel(R) Iris(TM) Plus Graphics (low power)
2021-04-06 09:26:52.900 Unity[45779:9307132] Metal devices available: 1
2021-04-06 09:26:52.900 Unity[45779:9307132] 0: Intel(R) Iris(TM) Plus Graphics (low power)
2021-04-06 09:26:52.901 Unity[45779:9307132] Using device Intel(R) Iris(TM) Plus Graphics (low power)
Initializing Metal device caps: Intel(R) Iris(TM) Plus Graphics
Initialize mono
Mono path[0] = '/Applications/Unity/Hub/Editor/2020.2.5f1/Unity.app/Contents/Managed'
Mono path[1] = '/Applications/Unity/Hub/Editor/2020.2.5f1/Unity.app/Contents/MonoBleedingEdge/lib/mono/unityjit'
Mono config path = '/Applications/Unity/Hub/Editor/2020.2.5f1/Unity.app/Contents/MonoBleedingEdge/etc'
Using monoOptions --debugger-agent=transport=dt_socket,embedding=1,server=y,suspend=n,address=127.0.0.1:56779
Begin MonoManager ReloadAssembly
Registering precompiled unity dll's ...
Register platform support module: /Applications/Unity/Hub/Editor/2020.2.5f1/PlaybackEngines/WebGLSupport/UnityEditor.WebGL.Extensions.dll
Register platform support module: /Applications/Unity/Hub/Editor/2020.2.5f1/Unity.app/Contents/PlaybackEngines/MacStandaloneSupport/UnityEditor.OSXStandalone.Extensions.dll
Registered in 0.000919 seconds.
Native extension for OSXStandalone target not found
Native extension for WebGL target not found
Refreshing native plugins compatible for Editor in 32.56 ms, found 1 plugins.
Preloading 0 native plugins for Editor in 0.00 ms.
Invoked RoslynAnalysisRunner static constructor.
RoslynAnalysisRunner will not be running.
RoslynAnalysisRunner has terminated.
Mono: successfully reloaded assembly
- Completed reload, in  2.265 seconds
Platform modules already initialized, skipping
Registering precompiled user dll's ...
Registered in 0.000382 seconds.
Begin MonoManager ReloadAssembly
Native extension for OSXStandalone target not found
Native extension for WebGL target not found
Refreshing native plugins compatible for Editor in 0.21 ms, found 1 plugins.
Preloading 0 native plugins for Editor in 0.00 ms.
Invoked RoslynAnalysisRunner static constructor.
RoslynAnalysisRunner will not be running.
RoslynAnalysisRunner has terminated.
Mono: successfully reloaded assembly
- Completed reload, in  1.106 seconds
Platform modules already initialized, skipping
========================================================================
Worker process is ready to serve import requests
Launching external process: /Applications/Unity/Hub/Editor/2020.2.5f1/Unity.app/Contents/Tools/UnityShaderCompiler
Launched and connected shader compiler UnityShaderCompiler after 0.01 seconds
Refreshing native plugins compatible for Editor in 0.22 ms, found 1 plugins.
Preloading 0 native plugins for Editor in 0.00 ms.
Unloading 1267 Unused Serialized files (Serialized files now loaded: 0)
System memory in use before: 117.6 MB.
System memory in use after: 117.6 MB.

Unloading 11 unused Assets to reduce memory usage. Loaded Objects now: 1710.
Total: 2.939004 ms (FindLiveObjects: 0.315148 ms CreateObjectMapping: 0.136222 ms MarkObjects: 2.355926 ms  DeleteObjects: 0.129497 ms)

========================================================================
Received Import Request.
  path: Assets/Scenes/E - Upward.unity
  artifactKey: Guid(3e052c4d1858e4ff391bb44130aebe0c) Importer(815301076,1909f56bfc062723c751e8b465ee728b)
Start importing Assets/Scenes/E - Upward.unity using Guid(3e052c4d1858e4ff391bb44130aebe0c) Importer(815301076,1909f56bfc062723c751e8b465ee728b)  -> (artifact id: '540dc00cdbb794290a242f6a58e006de') in 0.014175 seconds
  Import took 0.018894 seconds .

========================================================================
Received Prepare
Refreshing native plugins compatible for Editor in 1.61 ms, found 1 plugins.
Preloading 0 native plugins for Editor in 0.00 ms.
Unloading 3 Unused Serialized files (Serialized files now loaded: 0)
System memory in use before: 92.0 MB.
System memory in use after: 92.0 MB.

Unloading 3 unused Assets to reduce memory usage. Loaded Objects now: 1710.
Total: 2.823006 ms (FindLiveObjects: 0.225642 ms CreateObjectMapping: 0.060831 ms MarkObjects: 2.473361 ms  DeleteObjects: 0.061385 ms)

AssetImportWorkerClient::OnTransportError - code=2 error=End of file
